<?xml version="1.0" encoding="UTF-8"?>
<testsuite xmlns:xsi="http://www.w3.org/2001/XMLSchema-instance" xsi:noNamespaceSchemaLocation="https://maven.apache.org/surefire/maven-surefire-plugin/xsd/surefire-test-report-3.0.xsd" version="3.0" name="org.example.TestHomePage" time="0.351" tests="1" errors="0" skipped="0" failures="0">
  <properties>
[...]
</properties>
  <testcase name="testRenderMyPage" classname="org.example.TestHomePage" time="0.336">
    <system-out><![CDATA[INFO  - Application                - [WicketTester$DummyWebApplication] init: Wicket core library initializer
INFO  - RequestListenerInterface   - registered listener interface [RequestListenerInterface name=IBehaviorListener, method=public abstract void org.apache.wicket.behavior.IBehaviorListener.onRequest()]
INFO  - RequestListenerInterface   - registered listener interface [RequestListenerInterface name=IBehaviorListener, method=public abstract void org.apache.wicket.behavior.IBehaviorListener.onRequest()]
INFO  - RequestListenerInterface   - registered listener interface [RequestListenerInterface name=IFormSubmitListener, method=public abstract void org.apache.wicket.markup.html.form.IFormSubmitListener.onFormSubmitted()]
INFO  - RequestListenerInterface   - registered listener interface [RequestListenerInterface name=IFormSubmitListener, method=public abstract void org.apache.wicket.markup.html.form.IFormSubmitListener.onFormSubmitted()]
INFO  - RequestListenerInterface   - registered listener interface [RequestListenerInterface name=ILinkListener, method=public abstract void org.apache.wicket.markup.html.link.ILinkListener.onLinkClicked()]
INFO  - RequestListenerInterface   - registered listener interface [RequestListenerInterface name=ILinkListener, method=public abstract void org.apache.wicket.markup.html.link.ILinkListener.onLinkClicked()]
INFO  - RequestListenerInterface   - registered listener interface [RequestListenerInterface name=IOnChangeListener, method=public abstract void org.apache.wicket.markup.html.form.IOnChangeListener.onSelectionChanged()]
INFO  - RequestListenerInterface   - registered listener interface [RequestListenerInterface name=IOnChangeListener, method=public abstract void org.apache.wicket.markup.html.form.IOnChangeListener.onSelectionChanged()]
INFO  - RequestListenerInterface   - registered listener interface [RequestListenerInterface name=IRedirectListener, method=public abstract void org.apache.wicket.IRedirectListener.onRedirect()]
INFO  - RequestListenerInterface   - registered listener interface [RequestListenerInterface name=IRedirectListener, method=public abstract void org.apache.wicket.IRedirectListener.onRedirect()]
INFO  - RequestListenerInterface   - registered listener interface [RequestListenerInterface name=IResourceListener, method=public abstract void org.apache.wicket.IResourceListener.onResourceRequested()]
INFO  - RequestListenerInterface   - registered listener interface [RequestListenerInterface name=IResourceListener, method=public abstract void org.apache.wicket.IResourceListener.onResourceRequested()]
INFO  - WebApplication             - [WicketTester$DummyWebApplication] Started Wicket version 1.3.2 in development mode
]]></system-out>
  </testcase>
</testsuite>