<?xml version="1.0" encoding="UTF-8"?>
<testng-results ignored="0" total="1" passed="1" failed="0" skipped="0">
  <reporter-output>
  </reporter-output>
  <suite started-at="2023-12-13T23:39:45 MSK" name="Surefire suite" finished-at="2023-12-13T23:39:46 MSK" duration-ms="43">
    <groups>
    </groups>
    <test started-at="2023-12-13T23:39:45 MSK" name="Surefire test" finished-at="2023-12-13T23:39:46 MSK" duration-ms="43">
      <class name="Lesson12Tests">
        <test-method signature="factorial()[pri:0, instance:Lesson12Tests@6b1274d2]" started-at="2023-12-13T23:39:46 MSK" name="factorial" finished-at="2023-12-13T23:39:46 MSK" duration-ms="7" status="PASS">
          <reporter-output>
          </reporter-output>
        </test-method> <!-- factorial -->
      </class> <!-- Lesson12Tests -->
    </test> <!-- Surefire test -->
  </suite> <!-- Surefire suite -->
</testng-results>
